E:\CPP_WORKSPACE\DOLPHINBOX\DOLPHINCORE\DEBUG\DOLPHINCORE.PCH
E:\CPP_WORKSPACE\DOLPHINBOX\DOLPHINCORE\DEBUG\STDAFX.OBJ
E:\CPP_WORKSPACE\DOLPHINBOX\DOLPHINCORE\DEBUG\VC110.PDB
E:\CPP_WORKSPACE\DOLPHINBOX\DOLPHINCORE\DEBUG\DLLMAIN.OBJ
E:\CPP_WORKSPACE\DOLPHINBOX\DOLPHINCORE\DEBUG\DOLPHINCORE.OBJ
E:\CPP_WORKSPACE\DOLPHINBOX\DEBUG\DOLPHINCORE.ILK
E:\CPP_WORKSPACE\DOLPHINBOX\DEBUG\DOLPHINCORE.DLL
E:\CPP_WORKSPACE\DOLPHINBOX\DEBUG\DOLPHINCORE.PDB
E:\cpp_workspace\DolphinBox\DolphinCore\Debug\dllmain.obj
E:\cpp_workspace\DolphinBox\DolphinCore\Debug\DolphinCore.obj
E:\cpp_workspace\DolphinBox\DolphinCore\Debug\stdafx.obj
E:\cpp_workspace\DolphinBox\DolphinCore\Debug\cl.command.1.tlog
E:\cpp_workspace\DolphinBox\DolphinCore\Debug\CL.read.1.tlog
E:\cpp_workspace\DolphinBox\DolphinCore\Debug\CL.write.1.tlog
E:\cpp_workspace\DolphinBox\DolphinCore\Debug\link-cvtres.read.1.tlog
E:\cpp_workspace\DolphinBox\DolphinCore\Debug\link-cvtres.write.1.tlog
E:\cpp_workspace\DolphinBox\DolphinCore\Debug\link-rc.read.1.tlog
E:\cpp_workspace\DolphinBox\DolphinCore\Debug\link-rc.write.1.tlog
E:\cpp_workspace\DolphinBox\DolphinCore\Debug\link.command.1.tlog
E:\cpp_workspace\DolphinBox\DolphinCore\Debug\link.read.1.tlog
E:\cpp_workspace\DolphinBox\DolphinCore\Debug\link.write.1.tlog
E:\cpp_workspace\DolphinBox\DolphinCore\Debug\DolphinCore.pch
E:\cpp_workspace\DolphinBox\DolphinCore\Debug\vc110.idb
E:\cpp_workspace\DolphinBox\DolphinCore\Debug\vc110.pdb
E:\cpp_workspace\DolphinBox\Debug\DolphinCore.pdb
E:\cpp_workspace\DolphinBox\Debug\DolphinCore.dll
E:\cpp_workspace\DolphinBox\Debug\DolphinCore.ilk
