E:\CPP_WORKSPACE\DOLPHINBOX\DOLPHINVIEWDLL\DEBUG\DOLPHINVIEWDLL.PCH
E:\CPP_WORKSPACE\DOLPHINBOX\DOLPHINVIEWDLL\DEBUG\STDAFX.OBJ
E:\CPP_WORKSPACE\DOLPHINBOX\DOLPHINVIEWDLL\DEBUG\VC110.PDB
E:\CPP_WORKSPACE\DOLPHINBOX\DOLPHINVIEWDLL\DEBUG\DOLPHINVIEWDLL.OBJ
E:\CPP_WORKSPACE\DOLPHINBOX\DOLPHINVIEWDLL\DEBUG\DOLPHINVIEWHEADER.OBJ
E:\CPP_WORKSPACE\DOLPHINBOX\DOLPHINVIEWDLL\DEBUG\MAINDLG.OBJ
E:\cpp_workspace\DolphinBox\Debug\DolphinViewDll.lib
E:\cpp_workspace\DolphinBox\Debug\DolphinViewDll.exp
E:\CPP_WORKSPACE\DOLPHINBOX\DEBUG\DOLPHINVIEWDLL.ILK
E:\CPP_WORKSPACE\DOLPHINBOX\DEBUG\DOLPHINVIEWDLL.DLL
E:\CPP_WORKSPACE\DOLPHINBOX\DEBUG\DOLPHINVIEWDLL.PDB
E:\CPP_WORKSPACE\DOLPHINBOX\DOLPHINVIEWDLL\DEBUG\DOLPHINVIEWDLL.RES
E:\cpp_workspace\DolphinBox\DolphinViewDll\Debug\DolphinViewDll.obj
E:\cpp_workspace\DolphinBox\DolphinViewDll\Debug\DolphinViewHeader.obj
E:\cpp_workspace\DolphinBox\DolphinViewDll\Debug\MainDlg.obj
E:\cpp_workspace\DolphinBox\DolphinViewDll\Debug\stdafx.obj
E:\cpp_workspace\DolphinBox\DolphinViewDll\Debug\cl.command.1.tlog
E:\cpp_workspace\DolphinBox\DolphinViewDll\Debug\CL.read.1.tlog
E:\cpp_workspace\DolphinBox\DolphinViewDll\Debug\CL.write.1.tlog
E:\cpp_workspace\DolphinBox\DolphinViewDll\Debug\DolphinViewDll.write.1.tlog
E:\cpp_workspace\DolphinBox\DolphinViewDll\Debug\link-cvtres.read.1.tlog
E:\cpp_workspace\DolphinBox\DolphinViewDll\Debug\link-cvtres.write.1.tlog
E:\cpp_workspace\DolphinBox\DolphinViewDll\Debug\link-mt.read.1.tlog
E:\cpp_workspace\DolphinBox\DolphinViewDll\Debug\link-mt.write.1.tlog
E:\cpp_workspace\DolphinBox\DolphinViewDll\Debug\link-rc.read.1.tlog
E:\cpp_workspace\DolphinBox\DolphinViewDll\Debug\link-rc.write.1.tlog
E:\cpp_workspace\DolphinBox\DolphinViewDll\Debug\link.command.1.tlog
E:\cpp_workspace\DolphinBox\DolphinViewDll\Debug\link.read.1.tlog
E:\cpp_workspace\DolphinBox\DolphinViewDll\Debug\link.write.1.tlog
E:\cpp_workspace\DolphinBox\DolphinViewDll\Debug\rc.command.1.tlog
E:\cpp_workspace\DolphinBox\DolphinViewDll\Debug\rc.read.1.tlog
E:\cpp_workspace\DolphinBox\DolphinViewDll\Debug\rc.write.1.tlog
E:\cpp_workspace\DolphinBox\DolphinViewDll\Debug\DolphinViewDll.res
E:\cpp_workspace\DolphinBox\DolphinViewDll\Debug\DolphinViewDll.pch
E:\cpp_workspace\DolphinBox\DolphinViewDll\Debug\vc110.idb
E:\cpp_workspace\DolphinBox\DolphinViewDll\Debug\vc110.pdb
E:\cpp_workspace\DolphinBox\Debug\DolphinViewDll.pdb
E:\cpp_workspace\DolphinBox\Debug\DolphinViewDll.dll
E:\cpp_workspace\DolphinBox\Debug\DolphinViewDll.ilk
