E:\CPP_WORKSPACE\DOLPHINBOX\DOLPHINBOX\DEBUG\DOLPHINBOX.PCH
E:\CPP_WORKSPACE\DOLPHINBOX\DOLPHINBOX\DEBUG\STDAFX.OBJ
E:\CPP_WORKSPACE\DOLPHINBOX\DOLPHINBOX\DEBUG\VC110.PDB
E:\CPP_WORKSPACE\DOLPHINBOX\DOLPHINBOX\DEBUG\DOLPHINBOX.OBJ
E:\CPP_WORKSPACE\DOLPHINBOX\DOLPHINBOX\DEBUG\DOLPHINBOXDLG.OBJ
E:\CPP_WORKSPACE\DOLPHINBOX\DEBUG\DOLPHINBOX.ILK
E:\CPP_WORKSPACE\DOLPHINBOX\DEBUG\DOLPHINBOX.EXE
E:\CPP_WORKSPACE\DOLPHINBOX\DEBUG\DOLPHINBOX.PDB
E:\CPP_WORKSPACE\DOLPHINBOX\DOLPHINBOX\DEBUG\DOLPHINBOX.RES
E:\cpp_workspace\DolphinBox\DolphinBox\Debug\DolphinBox.obj
E:\cpp_workspace\DolphinBox\DolphinBox\Debug\DolphinBoxDlg.obj
E:\cpp_workspace\DolphinBox\DolphinBox\Debug\stdafx.obj
E:\cpp_workspace\DolphinBox\DolphinBox\Debug\cl.command.1.tlog
E:\cpp_workspace\DolphinBox\DolphinBox\Debug\CL.read.1.tlog
E:\cpp_workspace\DolphinBox\DolphinBox\Debug\CL.write.1.tlog
E:\cpp_workspace\DolphinBox\DolphinBox\Debug\link-cvtres.read.1.tlog
E:\cpp_workspace\DolphinBox\DolphinBox\Debug\link-cvtres.write.1.tlog
E:\cpp_workspace\DolphinBox\DolphinBox\Debug\link-mt.read.1.tlog
E:\cpp_workspace\DolphinBox\DolphinBox\Debug\link-mt.write.1.tlog
E:\cpp_workspace\DolphinBox\DolphinBox\Debug\link-rc.read.1.tlog
E:\cpp_workspace\DolphinBox\DolphinBox\Debug\link-rc.write.1.tlog
E:\cpp_workspace\DolphinBox\DolphinBox\Debug\link.5620-cvtres.read.1.tlog
E:\cpp_workspace\DolphinBox\DolphinBox\Debug\link.5620-cvtres.write.1.tlog
E:\cpp_workspace\DolphinBox\DolphinBox\Debug\link.5620-mt.read.1.tlog
E:\cpp_workspace\DolphinBox\DolphinBox\Debug\link.5620-mt.write.1.tlog
E:\cpp_workspace\DolphinBox\DolphinBox\Debug\link.5620-rc.read.1.tlog
E:\cpp_workspace\DolphinBox\DolphinBox\Debug\link.5620-rc.write.1.tlog
E:\cpp_workspace\DolphinBox\DolphinBox\Debug\link.5620.read.1.tlog
E:\cpp_workspace\DolphinBox\DolphinBox\Debug\link.5620.write.1.tlog
E:\cpp_workspace\DolphinBox\DolphinBox\Debug\link.6444-cvtres.read.1.tlog
E:\cpp_workspace\DolphinBox\DolphinBox\Debug\link.6444-cvtres.write.1.tlog
E:\cpp_workspace\DolphinBox\DolphinBox\Debug\link.6444-mt.read.1.tlog
E:\cpp_workspace\DolphinBox\DolphinBox\Debug\link.6444-mt.write.1.tlog
E:\cpp_workspace\DolphinBox\DolphinBox\Debug\link.6444-rc.read.1.tlog
E:\cpp_workspace\DolphinBox\DolphinBox\Debug\link.6444-rc.write.1.tlog
E:\cpp_workspace\DolphinBox\DolphinBox\Debug\link.6444.read.1.tlog
E:\cpp_workspace\DolphinBox\DolphinBox\Debug\link.6444.write.1.tlog
E:\cpp_workspace\DolphinBox\DolphinBox\Debug\link.6808-cvtres.read.1.tlog
E:\cpp_workspace\DolphinBox\DolphinBox\Debug\link.6808-cvtres.write.1.tlog
E:\cpp_workspace\DolphinBox\DolphinBox\Debug\link.6808-mt.read.1.tlog
E:\cpp_workspace\DolphinBox\DolphinBox\Debug\link.6808-mt.write.1.tlog
E:\cpp_workspace\DolphinBox\DolphinBox\Debug\link.6808-rc.read.1.tlog
E:\cpp_workspace\DolphinBox\DolphinBox\Debug\link.6808-rc.write.1.tlog
E:\cpp_workspace\DolphinBox\DolphinBox\Debug\link.6808.read.1.tlog
E:\cpp_workspace\DolphinBox\DolphinBox\Debug\link.6808.write.1.tlog
E:\cpp_workspace\DolphinBox\DolphinBox\Debug\link.9340-cvtres.read.1.tlog
E:\cpp_workspace\DolphinBox\DolphinBox\Debug\link.9340-cvtres.write.1.tlog
E:\cpp_workspace\DolphinBox\DolphinBox\Debug\link.9340-mt.read.1.tlog
E:\cpp_workspace\DolphinBox\DolphinBox\Debug\link.9340-mt.write.1.tlog
E:\cpp_workspace\DolphinBox\DolphinBox\Debug\link.9340-rc.read.1.tlog
E:\cpp_workspace\DolphinBox\DolphinBox\Debug\link.9340-rc.write.1.tlog
E:\cpp_workspace\DolphinBox\DolphinBox\Debug\link.9340.read.1.tlog
E:\cpp_workspace\DolphinBox\DolphinBox\Debug\link.9340.write.1.tlog
E:\cpp_workspace\DolphinBox\DolphinBox\Debug\link.command.1.tlog
E:\cpp_workspace\DolphinBox\DolphinBox\Debug\link.read.1.tlog
E:\cpp_workspace\DolphinBox\DolphinBox\Debug\link.write.1.tlog
E:\cpp_workspace\DolphinBox\DolphinBox\Debug\rc.command.1.tlog
E:\cpp_workspace\DolphinBox\DolphinBox\Debug\rc.read.1.tlog
E:\cpp_workspace\DolphinBox\DolphinBox\Debug\rc.write.1.tlog
E:\cpp_workspace\DolphinBox\DolphinBox\Debug\DolphinBox.res
E:\cpp_workspace\DolphinBox\DolphinBox\Debug\DolphinBox.pch
E:\cpp_workspace\DolphinBox\DolphinBox\Debug\vc110.idb
E:\cpp_workspace\DolphinBox\DolphinBox\Debug\vc110.pdb
E:\cpp_workspace\DolphinBox\Debug\DolphinBox.pdb
E:\cpp_workspace\DolphinBox\Debug\DolphinBox.exe
E:\cpp_workspace\DolphinBox\Debug\DolphinBox.ilk
